DiagnosticsPlugin.exe Information: 0 : [12/19/2015 3:44:54 PM] Starting DiagnosticPlugin.exe DiagnosticPlugin-ShutdownEvent DiagnosticPlugin-TotalShutdownEvent -wadVer1v5
DiagnosticsPlugin.exe Error: 0 : [12/19/2015 3:44:55 PM] Failed to save IIS Directory state
DiagnosticsPlugin.exe Error: 0 : [12/19/2015 3:44:55 PM] System.Runtime.InteropServices.COMException (0x80040154): Retrieving the COM class factory for component with CLSID {2B72133B-3F5B-4602-8952-803546CE3344} failed due to the following error: 80040154 Class not registered (Exception from HRESULT: 0x80040154 (REGDB_E_CLASSNOTREG)).
   at System.Runtime.Remoting.RemotingServices.AllocateUninitializedObject(RuntimeType objectType)
   at System.Runtime.Remoting.Activation.ActivationServices.CreateInstance(RuntimeType serverType)
   at System.Runtime.Remoting.Activation.ActivationServices.IsCurrentContextOK(RuntimeType serverType, Object[] props, Boolean bNewObj)
   at System.RuntimeTypeHandle.CreateInstance(RuntimeType type, Boolean publicOnly, Boolean noCheck, Boolean& canBeCached, RuntimeMethodHandleInternal& ctor, Boolean& bNeedSecurityCheck)
   at System.RuntimeType.CreateInstanceSlow(Boolean publicOnly, Boolean skipCheckThis, Boolean fillCache, StackCrawlMark& stackMark)
   at System.RuntimeType.CreateInstanceDefaultCtor(Boolean publicOnly, Boolean skipCheckThis, Boolean fillCache, StackCrawlMark& stackMark)
   at System.Activator.CreateInstance[T]()
   at Microsoft.Web.Administration.ConfigurationManager.CreateAdminManager[TClass,TInterface](WebConfigurationMap webConfigMap, Boolean isAdminConfig)
   at Microsoft.Web.Administration.ConfigurationManager.CreateConfiguration(WebConfigurationMap configMap, String configPathToEdit, Boolean isAdminConfig)
   at Microsoft.Web.Administration.ConfigurationManager.GetConfiguration(String rawConfigurationPath, String cacheKey, Boolean isAdminConfig)
   at Microsoft.Web.Administration.ServerManager.get_Sites()
   at Microsoft.Azure.Plugins.Plugin.DiagnosticsPluginManager.SaveIISDirectoryState()
DiagnosticsPlugin.exe Information: 0 : [12/19/2015 3:44:55 PM] Starting DiagnosticsPlugin
DiagnosticsPlugin.exe Information: 0 : [12/19/2015 3:44:55 PM] Emulator config file set to C:\Users\SUPINFO.NET\documents\visual studio 2013\Projects\AzureCloudService\AzureCloudService\csx\Debug\roles\WcfWebService\approot\diagnostics.wadcfgx
DiagnosticsPlugin.exe Information: 0 : [12/19/2015 3:44:55 PM] DiagnosticsStoreRootPath set to: C:\Users\SUPINFO.NET\AppData\Local\dftmp\Resources\ad5ee492-45dc-4c9d-8ca7-f6466342687b
DiagnosticsPlugin.exe Information: 0 : [12/19/2015 3:44:55 PM] Loading config file: C:\Users\SUPINFO.NET\documents\visual studio 2013\Projects\AzureCloudService\AzureCloudService\csx\Debug\roles\WcfWebService\approot\diagnostics.wadcfgx
DiagnosticsPlugin.exe Information: 0 : [12/19/2015 3:44:55 PM] Config file to read: C:\Users\SUPINFO.NET\documents\visual studio 2013\Projects\AzureCloudService\AzureCloudService\csx\Debug\roles\WcfWebService\approot\diagnostics.wadcfgx
DiagnosticsPlugin.exe Information: 0 : [12/19/2015 3:44:55 PM] Checking VM Type
DiagnosticsPlugin.exe Information: 0 : [12/19/2015 3:44:55 PM] Emulator config file set to C:\Users\SUPINFO.NET\documents\visual studio 2013\Projects\AzureCloudService\AzureCloudService\csx\Debug\roles\WcfWebService\approot\diagnostics.wadcfgx
DiagnosticsPlugin.exe Information: 0 : [12/19/2015 3:44:55 PM] Extension set to Emulator Mode
DiagnosticsPlugin.exe Information: 0 : [12/19/2015 3:44:55 PM] Reading XML configuration file
DiagnosticsPlugin.exe Information: 0 : [12/19/2015 3:44:55 PM] Bypassing private config decryption
DiagnosticsPlugin.exe Information: 0 : [12/19/2015 3:44:55 PM] WadCfg is provided in initial configuration. Using that to initialize Diagnostics.
DiagnosticsPlugin.exe Information: 0 : [12/19/2015 3:44:55 PM] <PublicConfig xmlns="http://schemas.microsoft.com/ServiceHosting/2010/10/DiagnosticsConfiguration">
  <WadCfg>
    <DiagnosticMonitorConfiguration overallQuotaInMB="4096">
      <DiagnosticInfrastructureLogs scheduledTransferLogLevelFilter="Error" />
      <Logs scheduledTransferPeriod="PT1M" scheduledTransferLogLevelFilter="Error" />
      <Directories scheduledTransferPeriod="PT1M">
        <IISLogs containerName="wad-iis-logfiles" />
        <FailedRequestLogs containerName="wad-failedrequestlogs" />
      </Directories>
      <WindowsEventLog scheduledTransferPeriod="PT1M">
        <DataSource name="Application!*[System[(Level=1 or Level=2)]]" />
        <DataSource name="Windows Azure!*[System[(Level=1 or Level=2)]]" />
      </WindowsEventLog>
      <CrashDumps containerName="wad-crashdumps" dumpType="Mini">
        <CrashDumpConfiguration processName="WaIISHost.exe" />
        <CrashDumpConfiguration processName="WaWorkerHost.exe" />
        <CrashDumpConfiguration processName="w3wp.exe" />
      </CrashDumps>
      <PerformanceCounters scheduledTransferPeriod="PT1M">
        <PerformanceCounterConfiguration counterSpecifier="\Memory\Available MBytes" sampleRate="PT3M" />
        <PerformanceCounterConfiguration counterSpecifier="\Web Service(_Total)\ISAPI Extension Requests/sec" sampleRate="PT3M" />
        <PerformanceCounterConfiguration counterSpecifier="\Web Service(_Total)\Bytes Total/Sec" sampleRate="PT3M" />
        <PerformanceCounterConfiguration counterSpecifier="\ASP.NET Applications(__Total__)\Requests/Sec" sampleRate="PT3M" />
        <PerformanceCounterConfiguration counterSpecifier="\ASP.NET Applications(__Total__)\Errors Total/Sec" sampleRate="PT3M" />
        <PerformanceCounterConfiguration counterSpecifier="\ASP.NET\Requests Queued" sampleRate="PT3M" />
        <PerformanceCounterConfiguration counterSpecifier="\ASP.NET\Requests Rejected" sampleRate="PT3M" />
        <PerformanceCounterConfiguration counterSpecifier="\Processor(_Total)\% Processor Time" sampleRate="PT3M" />
      </PerformanceCounters>
    </DiagnosticMonitorConfiguration>
  </WadCfg>
  <StorageAccount>devstoreaccount1</StorageAccount>
</PublicConfig>
DiagnosticsPlugin.exe Information: 0 : [12/19/2015 3:44:55 PM] Private setting is loaded
DiagnosticsPlugin.exe Information: 0 : [12/19/2015 3:44:55 PM] Is config json/xml loaded
DiagnosticsPlugin.exe Information: 0 : [12/19/2015 3:44:56 PM] Successfully created checkpoint file C:\Users\SUPINFO.NET\AppData\Local\dftmp\Resources\ad5ee492-45dc-4c9d-8ca7-f6466342687b\WAD0105\Configuration\Checkpoint.txt
DiagnosticsPlugin.exe Information: 0 : [12/19/2015 3:44:56 PM] Will use local resource directory C:\Users\SUPINFO.NET\AppData\Local\dftmp\Resources\ad5ee492-45dc-4c9d-8ca7-f6466342687b\WAD0105
DiagnosticsPlugin.exe Information: 0 : [12/19/2015 3:44:56 PM] Will use endpoint https://core.windows.net for storage.
DiagnosticsPlugin.exe Information: 0 : [12/19/2015 3:44:59 PM] Exception in creating the ServerManager; is IIS installed?
 Error:System.Runtime.InteropServices.COMException (0x80040154): Retrieving the COM class factory for component with CLSID {2B72133B-3F5B-4602-8952-803546CE3344} failed due to the following error: 80040154 Class not registered (Exception from HRESULT: 0x80040154 (REGDB_E_CLASSNOTREG)).
   at System.Runtime.Remoting.RemotingServices.AllocateUninitializedObject(RuntimeType objectType)
   at System.Runtime.Remoting.Activation.ActivationServices.CreateInstance(RuntimeType serverType)
   at System.Runtime.Remoting.Activation.ActivationServices.IsCurrentContextOK(RuntimeType serverType, Object[] props, Boolean bNewObj)
   at System.RuntimeTypeHandle.CreateInstance(RuntimeType type, Boolean publicOnly, Boolean noCheck, Boolean& canBeCached, RuntimeMethodHandleInternal& ctor, Boolean& bNeedSecurityCheck)
   at System.RuntimeType.CreateInstanceSlow(Boolean publicOnly, Boolean skipCheckThis, Boolean fillCache, StackCrawlMark& stackMark)
   at System.RuntimeType.CreateInstanceDefaultCtor(Boolean publicOnly, Boolean skipCheckThis, Boolean fillCache, StackCrawlMark& stackMark)
   at System.Activator.CreateInstance[T]()
   at Microsoft.Web.Administration.ConfigurationManager.CreateAdminManager[TClass,TInterface](WebConfigurationMap webConfigMap, Boolean isAdminConfig)
   at Microsoft.Web.Administration.ConfigurationManager.CreateConfiguration(WebConfigurationMap configMap, String configPathToEdit, Boolean isAdminConfig)
   at Microsoft.Web.Administration.ConfigurationManager.GetConfiguration(String rawConfigurationPath, String cacheKey, Boolean isAdminConfig)
   at Microsoft.Web.Administration.ServerManager.get_Sites()
   at Microsoft.Azure.Plugins.Plugin.WadConfigProcessor.AddDirectories(EventsType mdsEvents, Directories wadDirectories)
DiagnosticsPlugin.exe Information: 0 : [12/19/2015 3:44:59 PM] Running in emulator mode, crash dumps not enabled
DiagnosticsPlugin.exe Information: 0 : [12/19/2015 3:44:59 PM] Checking to see if Application Insights extension needs to be configured.
DiagnosticsPlugin.exe Information: 0 : [12/19/2015 3:45:00 PM] In emulator mode and using devstore updating XStoreAccount info, command line args: -LocalPath "C:\Users\SUPINFO.NET\AppData\Local\dftmp\Resources\ad5ee492-45dc-4c9d-8ca7-f6466342687b\WAD0105"  -ConfigFile "C:\Users\SUPINFO.NET\AppData\Local\dftmp\Resources\ad5ee492-45dc-4c9d-8ca7-f6466342687b\WAD0105\Configuration\MaConfig.xml" -ShutDownEvent WADDM-ShutDown-32259c8fc1004e00aeae20c100daf199  -TotalShutDownEvent WADDM-TotalShutDown-32259c8fc1004e00aeae20c100daf199 -InitializedEvent WADM-StartUp-32259c8fc1004e00aeae20c100daf199 -parent 6888 -events -wadVer1v5 -UseProxyServer -XStoreAccounts WadAccount#true#devstoreaccount1#Eby8vdM02xNOcqFlqUwJPLlmEtlCDXJ1OUzFT50uSRZ6IFsuFq2UVErCz4I6tq/K1SZFPTOtr/KBHBeksoGMGw==#http://127.0.0.1:10002#http://127.0.0.1:10001#http://127.0.0.1:10000
